# JRE version: OpenJDK Runtime Environment (17.0.9) (build 17.0.9+0--11185874)
# Java VM: OpenJDK 64-Bit Server VM (17.0.9+0--11185874, mixed mode, tiered, compressed oops, compressed class ptrs, g1 gc, windows-amd64)
GC Precious Log:
 CPUs: 16 total, 16 available
 Memory: 7581M
 Large Page Support: Disabled
 NUMA Support: Disabled
 Compressed Oops: Enabled (32-bit)
 Heap Region Size: 1M
 Heap Min Capacity: 8M
 Heap Initial Capacity: 120M
 Heap Max Capacity: 2G
 Pre-touch: Disabled
 Parallel Workers: 13
 Concurrent Workers: 3
 Concurrent Refinement Workers: 13
 Periodic GC: Disabled
Heap:
 garbage-first heap   total 265216K, used 143891K [0x0000000080000000, 0x0000000100000000)
  region size 1024K, 7 young (7168K), 7 survivors (7168K)
 Metaspace       used 111659K, committed 112448K, reserved 1179648K
  class space    used 15657K, committed 16064K, reserved 1048576K
GC Heap History (20 events):
Event: 5.680 GC heap after
{Heap after GC invocations=32 (full 0):
 garbage-first heap   total 165888K, used 81189K [0x0000000080000000, 0x0000000100000000)
  region size 1024K, 7 young (7168K), 7 survivors (7168K)
 Metaspace       used 79964K, committed 80576K, reserved 1179648K
  class space    used 10832K, committed 11136K, reserved 1048576K
}
Event: 5.905 GC heap before
{Heap before GC invocations=32 (full 0):
 garbage-first heap   total 165888K, used 127269K [0x0000000080000000, 0x0000000100000000)
  region size 1024K, 52 young (53248K), 7 survivors (7168K)
 Metaspace       used 82252K, committed 82880K, reserved 1179648K
  class space    used 11161K, committed 11456K, reserved 1048576K
}
Event: 5.909 GC heap after
{Heap after GC invocations=33 (full 0):
 garbage-first heap   total 165888K, used 83277K [0x0000000080000000, 0x0000000100000000)
  region size 1024K, 4 young (4096K), 4 survivors (4096K)
 Metaspace       used 82252K, committed 82880K, reserved 1179648K
  class space    used 11161K, committed 11456K, reserved 1048576K
}
Event: 6.161 GC heap before
{Heap before GC invocations=33 (full 0):
 garbage-first heap   total 165888K, used 130381K [0x0000000080000000, 0x0000000100000000)
  region size 1024K, 49 young (50176K), 4 survivors (4096K)
 Metaspace       used 85479K, committed 86144K, reserved 1179648K
  class space    used 11778K, committed 12096K, reserved 1048576K
}
Event: 6.163 GC heap after
{Heap after GC invocations=34 (full 0):
 garbage-first heap   total 165888K, used 84607K [0x0000000080000000, 0x0000000100000000)
  region size 1024K, 6 young (6144K), 6 survivors (6144K)
 Metaspace       used 85479K, committed 86144K, reserved 1179648K
  class space    used 11778K, committed 12096K, reserved 1048576K
}
Event: 6.459 GC heap before
{Heap before GC invocations=34 (full 0):
 garbage-first heap   total 165888K, used 131711K [0x0000000080000000, 0x0000000100000000)
  region size 1024K, 52 young (53248K), 6 survivors (6144K)
 Metaspace       used 88734K, committed 89408K, reserved 1179648K
  class space    used 12248K, committed 12544K, reserved 1048576K
}
Event: 6.463 GC heap after
{Heap after GC invocations=35 (full 0):
 garbage-first heap   total 165888K, used 86735K [0x0000000080000000, 0x0000000100000000)
  region size 1024K, 4 young (4096K), 4 survivors (4096K)
 Metaspace       used 88734K, committed 89408K, reserved 1179648K
  class space    used 12248K, committed 12544K, reserved 1048576K
}
Event: 6.821 GC heap before
{Heap before GC invocations=35 (full 0):
 garbage-first heap   total 165888K, used 134863K [0x0000000080000000, 0x0000000100000000)
  region size 1024K, 51 young (52224K), 4 survivors (4096K)
 Metaspace       used 92631K, committed 93312K, reserved 1179648K
  class space    used 12815K, committed 13120K, reserved 1048576K
}
Event: 6.824 GC heap after
{Heap after GC invocations=36 (full 0):
 garbage-first heap   total 265216K, used 89455K [0x0000000080000000, 0x0000000100000000)
  region size 1024K, 5 young (5120K), 5 survivors (5120K)
 Metaspace       used 92631K, committed 93312K, reserved 1179648K
  class space    used 12815K, committed 13120K, reserved 1048576K
}
Event: 7.743 GC heap before
{Heap before GC invocations=36 (full 0):
 garbage-first heap   total 265216K, used 217455K [0x0000000080000000, 0x0000000100000000)
  region size 1024K, 130 young (133120K), 5 survivors (5120K)
 Metaspace       used 101229K, committed 102016K, reserved 1179648K
  class space    used 14158K, committed 14528K, reserved 1048576K
}
Event: 7.750 GC heap after
{Heap after GC invocations=37 (full 0):
 garbage-first heap   total 265216K, used 98904K [0x0000000080000000, 0x0000000100000000)
  region size 1024K, 14 young (14336K), 14 survivors (14336K)
 Metaspace       used 101229K, committed 102016K, reserved 1179648K
  class space    used 14158K, committed 14528K, reserved 1048576K
}
Event: 7.995 GC heap before
{Heap before GC invocations=37 (full 0):
 garbage-first heap   total 265216K, used 205400K [0x0000000080000000, 0x0000000100000000)
  region size 1024K, 119 young (121856K), 14 survivors (14336K)
 Metaspace       used 102020K, committed 102784K, reserved 1179648K
  class space    used 14287K, committed 14656K, reserved 1048576K
}
Event: 8.005 GC heap after
{Heap after GC invocations=38 (full 0):
 garbage-first heap   total 265216K, used 107208K [0x0000000080000000, 0x0000000100000000)
  region size 1024K, 9 young (9216K), 9 survivors (9216K)
 Metaspace       used 102020K, committed 102784K, reserved 1179648K
  class space    used 14287K, committed 14656K, reserved 1048576K
}
Event: 8.341 GC heap before
{Heap before GC invocations=38 (full 0):
 garbage-first heap   total 265216K, used 214728K [0x0000000080000000, 0x0000000100000000)
  region size 1024K, 110 young (112640K), 9 survivors (9216K)
 Metaspace       used 104585K, committed 105408K, reserved 1179648K
  class space    used 14469K, committed 14848K, reserved 1048576K
}
Event: 8.348 GC heap after
{Heap after GC invocations=39 (full 0):
 garbage-first heap   total 265216K, used 112837K [0x0000000080000000, 0x0000000100000000)
  region size 1024K, 8 young (8192K), 8 survivors (8192K)
 Metaspace       used 104585K, committed 105408K, reserved 1179648K
  class space    used 14469K, committed 14848K, reserved 1048576K
}
Event: 8.696 GC heap before
{Heap before GC invocations=39 (full 0):
 garbage-first heap   total 265216K, used 212165K [0x0000000080000000, 0x0000000100000000)
  region size 1024K, 106 young (108544K), 8 survivors (8192K)
 Metaspace       used 106718K, committed 107520K, reserved 1179648K
  class space    used 14781K, committed 15168K, reserved 1048576K
}
Event: 8.703 GC heap after
{Heap after GC invocations=40 (full 0):
 garbage-first heap   total 265216K, used 119009K [0x0000000080000000, 0x0000000100000000)
  region size 1024K, 9 young (9216K), 9 survivors (9216K)
 Metaspace       used 106718K, committed 107520K, reserved 1179648K
  class space    used 14781K, committed 15168K, reserved 1048576K
}
Event: 8.785 GC heap before
{Heap before GC invocations=40 (full 0):
 garbage-first heap   total 265216K, used 214241K [0x0000000080000000, 0x0000000100000000)
  region size 1024K, 103 young (105472K), 9 survivors (9216K)
 Metaspace       used 107556K, committed 108352K, reserved 1179648K
  class space    used 14920K, committed 15296K, reserved 1048576K
}
Event: 8.795 GC heap after
{Heap after GC invocations=41 (full 0):
 garbage-first heap   total 265216K, used 136358K [0x0000000080000000, 0x0000000100000000)
  region size 1024K, 13 young (13312K), 13 survivors (13312K)
 Metaspace       used 107556K, committed 108352K, reserved 1179648K
  class space    used 14920K, committed 15296K, reserved 1048576K
}
Event: 9.078 GC heap before
{Heap before GC invocations=41 (full 0):
 garbage-first heap   total 265216K, used 193702K [0x0000000080000000, 0x0000000100000000)
  region size 1024K, 71 young (72704K), 13 survivors (13312K)
 Metaspace       used 111659K, committed 112448K, reserved 1179648K
  class space    used 15657K, committed 16064K, reserved 1048576K
}

