# JRE version: OpenJDK Runtime Environment (17.0.9) (build 17.0.9+0--11185874)
# Java VM: OpenJDK 64-Bit Server VM (17.0.9+0--11185874, mixed mode, tiered, compressed oops, compressed class ptrs, g1 gc, windows-amd64)
GC Precious Log:
 CPUs: 16 total, 16 available
 Memory: 7581M
 Large Page Support: Disabled
 NUMA Support: Disabled
 Compressed Oops: Enabled (32-bit)
 Heap Region Size: 1M
 Heap Min Capacity: 8M
 Heap Initial Capacity: 120M
 Heap Max Capacity: 2G
 Pre-touch: Disabled
 Parallel Workers: 13
 Concurrent Workers: 3
 Concurrent Refinement Workers: 13
 Periodic GC: Disabled
Heap:
 garbage-first heap   total 119808K, used 70735K [0x0000000080000000, 0x0000000100000000)
  region size 1024K, 18 young (18432K), 5 survivors (5120K)
 Metaspace       used 60230K, committed 60864K, reserved 1114112K
  class space    used 8197K, committed 8448K, reserved 1048576K
GC Heap History (20 events):
Event: 2.159 GC heap before
{Heap before GC invocations=7 (full 0):
 garbage-first heap   total 86016K, used 45061K [0x0000000080000000, 0x0000000100000000)
  region size 1024K, 13 young (13312K), 6 survivors (6144K)
 Metaspace       used 35809K, committed 36096K, reserved 1114112K
  class space    used 4911K, committed 5056K, reserved 1048576K
}
Event: 2.161 GC heap after
{Heap after GC invocations=8 (full 0):
 garbage-first heap   total 86016K, used 39882K [0x0000000080000000, 0x0000000100000000)
  region size 1024K, 1 young (1024K), 1 survivors (1024K)
 Metaspace       used 35809K, committed 36096K, reserved 1114112K
  class space    used 4911K, committed 5056K, reserved 1048576K
}
Event: 2.404 GC heap before
{Heap before GC invocations=9 (full 0):
 garbage-first heap   total 86016K, used 65482K [0x0000000080000000, 0x0000000100000000)
  region size 1024K, 27 young (27648K), 1 survivors (1024K)
 Metaspace       used 41646K, committed 41984K, reserved 1114112K
  class space    used 5618K, committed 5760K, reserved 1048576K
}
Event: 2.405 GC heap after
{Heap after GC invocations=10 (full 0):
 garbage-first heap   total 86016K, used 42159K [0x0000000080000000, 0x0000000100000000)
  region size 1024K, 3 young (3072K), 3 survivors (3072K)
 Metaspace       used 41646K, committed 41984K, reserved 1114112K
  class space    used 5618K, committed 5760K, reserved 1048576K
}
Event: 2.530 GC heap before
{Heap before GC invocations=10 (full 0):
 garbage-first heap   total 86016K, used 66735K [0x0000000080000000, 0x0000000100000000)
  region size 1024K, 28 young (28672K), 3 survivors (3072K)
 Metaspace       used 43650K, committed 44032K, reserved 1114112K
  class space    used 5831K, committed 6016K, reserved 1048576K
}
Event: 2.533 GC heap after
{Heap after GC invocations=11 (full 0):
 garbage-first heap   total 86016K, used 45628K [0x0000000080000000, 0x0000000100000000)
  region size 1024K, 4 young (4096K), 4 survivors (4096K)
 Metaspace       used 43650K, committed 44032K, reserved 1114112K
  class space    used 5831K, committed 6016K, reserved 1048576K
}
Event: 2.598 GC heap before
{Heap before GC invocations=12 (full 0):
 garbage-first heap   total 86016K, used 52796K [0x0000000080000000, 0x0000000100000000)
  region size 1024K, 13 young (13312K), 4 survivors (4096K)
 Metaspace       used 44084K, committed 44480K, reserved 1114112K
  class space    used 5879K, committed 6080K, reserved 1048576K
}
Event: 2.599 GC heap after
{Heap after GC invocations=13 (full 0):
 garbage-first heap   total 86016K, used 45565K [0x0000000080000000, 0x0000000100000000)
  region size 1024K, 2 young (2048K), 2 survivors (2048K)
 Metaspace       used 44084K, committed 44480K, reserved 1114112K
  class space    used 5879K, committed 6080K, reserved 1048576K
}
Event: 2.818 GC heap before
{Heap before GC invocations=14 (full 0):
 garbage-first heap   total 89088K, used 71165K [0x0000000080000000, 0x0000000100000000)
  region size 1024K, 23 young (23552K), 2 survivors (2048K)
 Metaspace       used 47449K, committed 47872K, reserved 1114112K
  class space    used 6280K, committed 6464K, reserved 1048576K
}
Event: 2.819 GC heap after
{Heap after GC invocations=15 (full 0):
 garbage-first heap   total 89088K, used 46696K [0x0000000080000000, 0x0000000100000000)
  region size 1024K, 3 young (3072K), 3 survivors (3072K)
 Metaspace       used 47449K, committed 47872K, reserved 1114112K
  class space    used 6280K, committed 6464K, reserved 1048576K
}
Event: 2.999 GC heap before
{Heap before GC invocations=15 (full 0):
 garbage-first heap   total 89088K, used 70248K [0x0000000080000000, 0x0000000100000000)
  region size 1024K, 26 young (26624K), 3 survivors (3072K)
 Metaspace       used 49334K, committed 49856K, reserved 1114112K
  class space    used 6564K, committed 6784K, reserved 1048576K
}
Event: 3.001 GC heap after
{Heap after GC invocations=16 (full 0):
 garbage-first heap   total 89088K, used 49114K [0x0000000080000000, 0x0000000100000000)
  region size 1024K, 4 young (4096K), 4 survivors (4096K)
 Metaspace       used 49334K, committed 49856K, reserved 1114112K
  class space    used 6564K, committed 6784K, reserved 1048576K
}
Event: 3.105 GC heap before
{Heap before GC invocations=17 (full 0):
 garbage-first heap   total 92160K, used 65498K [0x0000000080000000, 0x0000000100000000)
  region size 1024K, 19 young (19456K), 4 survivors (4096K)
 Metaspace       used 50381K, committed 50816K, reserved 1114112K
  class space    used 6683K, committed 6912K, reserved 1048576K
}
Event: 3.108 GC heap after
{Heap after GC invocations=18 (full 0):
 garbage-first heap   total 92160K, used 54769K [0x0000000080000000, 0x0000000100000000)
  region size 1024K, 3 young (3072K), 3 survivors (3072K)
 Metaspace       used 50381K, committed 50816K, reserved 1114112K
  class space    used 6683K, committed 6912K, reserved 1048576K
}
Event: 3.243 GC heap before
{Heap before GC invocations=19 (full 0):
 garbage-first heap   total 99328K, used 75249K [0x0000000080000000, 0x0000000100000000)
  region size 1024K, 21 young (21504K), 3 survivors (3072K)
 Metaspace       used 52098K, committed 52608K, reserved 1114112K
  class space    used 6846K, committed 7040K, reserved 1048576K
}
Event: 3.244 GC heap after
{Heap after GC invocations=20 (full 0):
 garbage-first heap   total 99328K, used 54769K [0x0000000080000000, 0x0000000100000000)
  region size 1024K, 1 young (1024K), 1 survivors (1024K)
 Metaspace       used 52098K, committed 52608K, reserved 1114112K
  class space    used 6846K, committed 7040K, reserved 1048576K
}
Event: 3.470 GC heap before
{Heap before GC invocations=20 (full 0):
 garbage-first heap   total 99328K, used 77297K [0x0000000080000000, 0x0000000100000000)
  region size 1024K, 24 young (24576K), 1 survivors (1024K)
 Metaspace       used 54717K, committed 55360K, reserved 1114112K
  class space    used 7314K, committed 7616K, reserved 1048576K
}
Event: 3.473 GC heap after
{Heap after GC invocations=21 (full 0):
 garbage-first heap   total 119808K, used 56110K [0x0000000080000000, 0x0000000100000000)
  region size 1024K, 2 young (2048K), 2 survivors (2048K)
 Metaspace       used 54717K, committed 55360K, reserved 1114112K
  class space    used 7314K, committed 7616K, reserved 1048576K
}
Event: 3.857 GC heap before
{Heap before GC invocations=22 (full 0):
 garbage-first heap   total 119808K, used 93998K [0x0000000080000000, 0x0000000100000000)
  region size 1024K, 39 young (39936K), 2 survivors (2048K)
 Metaspace       used 58908K, committed 59584K, reserved 1114112K
  class space    used 8009K, committed 8320K, reserved 1048576K
}
Event: 3.859 GC heap after
{Heap after GC invocations=23 (full 0):
 garbage-first heap   total 119808K, used 58447K [0x0000000080000000, 0x0000000100000000)
  region size 1024K, 5 young (5120K), 5 survivors (5120K)
 Metaspace       used 58908K, committed 59584K, reserved 1114112K
  class space    used 8009K, committed 8320K, reserved 1048576K
}

