# JRE version: OpenJDK Runtime Environment (17.0.9) (build 17.0.9+0--11185874)
# Java VM: OpenJDK 64-Bit Server VM (17.0.9+0--11185874, mixed mode, tiered, compressed oops, compressed class ptrs, g1 gc, windows-amd64)
GC Precious Log:
 CPUs: 16 total, 16 available
 Memory: 7581M
 Large Page Support: Disabled
 NUMA Support: Disabled
 Compressed Oops: Enabled (32-bit)
 Heap Region Size: 1M
 Heap Min Capacity: 8M
 Heap Initial Capacity: 120M
 Heap Max Capacity: 2G
 Pre-touch: Disabled
 Parallel Workers: 13
 Concurrent Workers: 3
 Concurrent Refinement Workers: 13
 Periodic GC: Disabled
Heap:
 garbage-first heap   total 328704K, used 181417K [0x0000000080000000, 0x0000000100000000)
  region size 1024K, 12 young (12288K), 12 survivors (12288K)
 Metaspace       used 115583K, committed 116352K, reserved 1179648K
  class space    used 16383K, committed 16768K, reserved 1048576K
GC Heap History (20 events):
Event: 7.677 GC heap after
{Heap after GC invocations=36 (full 0):
 garbage-first heap   total 180224K, used 90175K [0x0000000080000000, 0x0000000100000000)
  region size 1024K, 6 young (6144K), 6 survivors (6144K)
 Metaspace       used 93103K, committed 93824K, reserved 1179648K
  class space    used 12900K, committed 13248K, reserved 1048576K
}
Event: 8.111 GC heap before
{Heap before GC invocations=36 (full 0):
 garbage-first heap   total 180224K, used 146495K [0x0000000080000000, 0x0000000100000000)
  region size 1024K, 61 young (62464K), 6 survivors (6144K)
 Metaspace       used 97846K, committed 98560K, reserved 1179648K
  class space    used 13551K, committed 13888K, reserved 1048576K
}
Event: 8.115 GC heap after
{Heap after GC invocations=37 (full 0):
 garbage-first heap   total 180224K, used 93385K [0x0000000080000000, 0x0000000100000000)
  region size 1024K, 7 young (7168K), 7 survivors (7168K)
 Metaspace       used 97846K, committed 98560K, reserved 1179648K
  class space    used 13551K, committed 13888K, reserved 1048576K
}
Event: 8.485 GC heap before
{Heap before GC invocations=37 (full 0):
 garbage-first heap   total 180224K, used 146633K [0x0000000080000000, 0x0000000100000000)
  region size 1024K, 60 young (61440K), 7 survivors (7168K)
 Metaspace       used 100597K, committed 101376K, reserved 1179648K
  class space    used 13980K, committed 14336K, reserved 1048576K
}
Event: 8.491 GC heap after
{Heap after GC invocations=38 (full 0):
 garbage-first heap   total 180224K, used 98631K [0x0000000080000000, 0x0000000100000000)
  region size 1024K, 8 young (8192K), 8 survivors (8192K)
 Metaspace       used 100597K, committed 101376K, reserved 1179648K
  class space    used 13980K, committed 14336K, reserved 1048576K
}
Event: 8.614 GC heap before
{Heap before GC invocations=38 (full 0):
 garbage-first heap   total 180224K, used 147783K [0x0000000080000000, 0x0000000100000000)
  region size 1024K, 56 young (57344K), 8 survivors (8192K)
 Metaspace       used 101701K, committed 102464K, reserved 1179648K
  class space    used 14275K, committed 14656K, reserved 1048576K
}
Event: 8.622 GC heap after
{Heap after GC invocations=39 (full 0):
 garbage-first heap   total 180224K, used 104991K [0x0000000080000000, 0x0000000100000000)
  region size 1024K, 6 young (6144K), 6 survivors (6144K)
 Metaspace       used 101701K, committed 102464K, reserved 1179648K
  class space    used 14275K, committed 14656K, reserved 1048576K
}
Event: 8.688 GC heap before
{Heap before GC invocations=39 (full 0):
 garbage-first heap   total 180224K, used 146975K [0x0000000080000000, 0x0000000100000000)
  region size 1024K, 48 young (49152K), 6 survivors (6144K)
 Metaspace       used 101827K, committed 102656K, reserved 1179648K
  class space    used 14275K, committed 14656K, reserved 1048576K
}
Event: 8.693 GC heap after
{Heap after GC invocations=40 (full 0):
 garbage-first heap   total 328704K, used 106799K [0x0000000080000000, 0x0000000100000000)
  region size 1024K, 4 young (4096K), 4 survivors (4096K)
 Metaspace       used 101827K, committed 102656K, reserved 1179648K
  class space    used 14275K, committed 14656K, reserved 1048576K
}
Event: 9.260 GC heap before
{Heap before GC invocations=40 (full 0):
 garbage-first heap   total 328704K, used 252207K [0x0000000080000000, 0x0000000100000000)
  region size 1024K, 142 young (145408K), 4 survivors (4096K)
 Metaspace       used 105435K, committed 106240K, reserved 1179648K
  class space    used 14566K, committed 14976K, reserved 1048576K
}
Event: 9.268 GC heap after
{Heap after GC invocations=41 (full 0):
 garbage-first heap   total 328704K, used 113504K [0x0000000080000000, 0x0000000100000000)
  region size 1024K, 11 young (11264K), 11 survivors (11264K)
 Metaspace       used 105435K, committed 106240K, reserved 1179648K
  class space    used 14566K, committed 14976K, reserved 1048576K
}
Event: 9.593 GC heap before
{Heap before GC invocations=41 (full 0):
 garbage-first heap   total 328704K, used 253792K [0x0000000080000000, 0x0000000100000000)
  region size 1024K, 149 young (152576K), 11 survivors (11264K)
 Metaspace       used 107333K, committed 108160K, reserved 1179648K
  class space    used 14889K, committed 15296K, reserved 1048576K
}
Event: 9.605 GC heap after
{Heap after GC invocations=42 (full 0):
 garbage-first heap   total 328704K, used 128846K [0x0000000080000000, 0x0000000100000000)
  region size 1024K, 19 young (19456K), 19 survivors (19456K)
 Metaspace       used 107333K, committed 108160K, reserved 1179648K
  class space    used 14889K, committed 15296K, reserved 1048576K
}
Event: 9.980 GC heap before
{Heap before GC invocations=42 (full 0):
 garbage-first heap   total 328704K, used 226126K [0x0000000080000000, 0x0000000100000000)
  region size 1024K, 116 young (118784K), 19 survivors (19456K)
 Metaspace       used 111637K, committed 112448K, reserved 1179648K
  class space    used 15654K, committed 16064K, reserved 1048576K
}
Event: 9.992 GC heap after
{Heap after GC invocations=43 (full 0):
 garbage-first heap   total 328704K, used 143426K [0x0000000080000000, 0x0000000100000000)
  region size 1024K, 15 young (15360K), 15 survivors (15360K)
 Metaspace       used 111637K, committed 112448K, reserved 1179648K
  class space    used 15654K, committed 16064K, reserved 1048576K
}
Event: 10.184 GC heap before
{Heap before GC invocations=44 (full 0):
 garbage-first heap   total 328704K, used 256066K [0x0000000080000000, 0x0000000100000000)
  region size 1024K, 126 young (129024K), 15 survivors (15360K)
 Metaspace       used 112881K, committed 113600K, reserved 1179648K
  class space    used 15838K, committed 16192K, reserved 1048576K
}
Event: 10.200 GC heap after
{Heap after GC invocations=45 (full 0):
 garbage-first heap   total 328704K, used 165799K [0x0000000080000000, 0x0000000100000000)
  region size 1024K, 16 young (16384K), 16 survivors (16384K)
 Metaspace       used 112881K, committed 113600K, reserved 1179648K
  class space    used 15838K, committed 16192K, reserved 1048576K
}
Event: 10.213 GC heap before
{Heap before GC invocations=45 (full 0):
 garbage-first heap   total 328704K, used 166823K [0x0000000080000000, 0x0000000100000000)
  region size 1024K, 17 young (17408K), 16 survivors (16384K)
 Metaspace       used 112882K, committed 113600K, reserved 1179648K
  class space    used 15838K, committed 16192K, reserved 1048576K
}
Event: 10.221 GC heap after
{Heap after GC invocations=46 (full 0):
 garbage-first heap   total 328704K, used 168075K [0x0000000080000000, 0x0000000100000000)
  region size 1024K, 3 young (3072K), 3 survivors (3072K)
 Metaspace       used 112882K, committed 113600K, reserved 1179648K
  class space    used 15838K, committed 16192K, reserved 1048576K
}
Event: 10.408 GC heap before
{Heap before GC invocations=46 (full 0):
 garbage-first heap   total 328704K, used 257163K [0x0000000080000000, 0x0000000100000000)
  region size 1024K, 91 young (93184K), 3 survivors (3072K)
 Metaspace       used 115583K, committed 116352K, reserved 1179648K
  class space    used 16383K, committed 16768K, reserved 1048576K
}

