# JRE version: OpenJDK Runtime Environment (17.0.9) (build 17.0.9+0--11185874)
# Java VM: OpenJDK 64-Bit Server VM (17.0.9+0--11185874, mixed mode, tiered, compressed oops, compressed class ptrs, g1 gc, windows-amd64)
GC Precious Log:
 CPUs: 16 total, 16 available
 Memory: 7581M
 Large Page Support: Disabled
 NUMA Support: Disabled
 Compressed Oops: Enabled (32-bit)
 Heap Region Size: 1M
 Heap Min Capacity: 8M
 Heap Initial Capacity: 120M
 Heap Max Capacity: 2G
 Pre-touch: Disabled
 Parallel Workers: 13
 Concurrent Workers: 3
 Concurrent Refinement Workers: 13
 Periodic GC: Disabled
Heap:
 garbage-first heap   total 342016K, used 250132K [0x0000000080000000, 0x0000000100000000)
  region size 1024K, 7 young (7168K), 7 survivors (7168K)
 Metaspace       used 133207K, committed 134208K, reserved 1179648K
  class space    used 17979K, committed 18496K, reserved 1048576K
GC Heap History (20 events):
Event: 11.590 GC heap after
{Heap after GC invocations=50 (full 0):
 garbage-first heap   total 342016K, used 188562K [0x0000000080000000, 0x0000000100000000)
  region size 1024K, 6 young (6144K), 6 survivors (6144K)
 Metaspace       used 114364K, committed 115200K, reserved 1179648K
  class space    used 15492K, committed 15936K, reserved 1048576K
}
Event: 12.284 GC heap before
{Heap before GC invocations=51 (full 0):
 garbage-first heap   total 342016K, used 280722K [0x0000000080000000, 0x0000000100000000)
  region size 1024K, 97 young (99328K), 6 survivors (6144K)
 Metaspace       used 119140K, committed 120064K, reserved 1179648K
  class space    used 16091K, committed 16576K, reserved 1048576K
}
Event: 12.291 GC heap after
{Heap after GC invocations=52 (full 0):
 garbage-first heap   total 342016K, used 196294K [0x0000000080000000, 0x0000000100000000)
  region size 1024K, 13 young (13312K), 13 survivors (13312K)
 Metaspace       used 119140K, committed 120064K, reserved 1179648K
  class space    used 16091K, committed 16576K, reserved 1048576K
}
Event: 12.322 GC heap before
{Heap before GC invocations=52 (full 0):
 garbage-first heap   total 342016K, used 199366K [0x0000000080000000, 0x0000000100000000)
  region size 1024K, 16 young (16384K), 13 survivors (13312K)
 Metaspace       used 119477K, committed 120448K, reserved 1179648K
  class space    used 16136K, committed 16640K, reserved 1048576K
}
Event: 12.331 GC heap after
{Heap after GC invocations=53 (full 0):
 garbage-first heap   total 342016K, used 195583K [0x0000000080000000, 0x0000000100000000)
  region size 1024K, 2 young (2048K), 2 survivors (2048K)
 Metaspace       used 119477K, committed 120448K, reserved 1179648K
  class space    used 16136K, committed 16640K, reserved 1048576K
}
Event: 12.969 GC heap before
{Heap before GC invocations=53 (full 0):
 garbage-first heap   total 342016K, used 283647K [0x0000000080000000, 0x0000000100000000)
  region size 1024K, 87 young (89088K), 2 survivors (2048K)
 Metaspace       used 125239K, committed 126208K, reserved 1179648K
  class space    used 16910K, committed 17408K, reserved 1048576K
}
Event: 12.972 GC heap after
{Heap after GC invocations=54 (full 0):
 garbage-first heap   total 342016K, used 199817K [0x0000000080000000, 0x0000000100000000)
  region size 1024K, 6 young (6144K), 6 survivors (6144K)
 Metaspace       used 125239K, committed 126208K, reserved 1179648K
  class space    used 16910K, committed 17408K, reserved 1048576K
}
Event: 17.631 GC heap before
{Heap before GC invocations=54 (full 0):
 garbage-first heap   total 342016K, used 284809K [0x0000000080000000, 0x0000000100000000)
  region size 1024K, 89 young (91136K), 6 survivors (6144K)
 Metaspace       used 127831K, committed 128832K, reserved 1179648K
  class space    used 17265K, committed 17792K, reserved 1048576K
}
Event: 17.638 GC heap after
{Heap after GC invocations=55 (full 0):
 garbage-first heap   total 342016K, used 206335K [0x0000000080000000, 0x0000000100000000)
  region size 1024K, 12 young (12288K), 12 survivors (12288K)
 Metaspace       used 127831K, committed 128832K, reserved 1179648K
  class space    used 17265K, committed 17792K, reserved 1048576K
}
Event: 18.102 GC heap before
{Heap before GC invocations=55 (full 0):
 garbage-first heap   total 342016K, used 285183K [0x0000000080000000, 0x0000000100000000)
  region size 1024K, 90 young (92160K), 12 survivors (12288K)
 Metaspace       used 128897K, committed 129920K, reserved 1179648K
  class space    used 17393K, committed 17920K, reserved 1048576K
}
Event: 18.114 GC heap after
{Heap after GC invocations=56 (full 0):
 garbage-first heap   total 342016K, used 217968K [0x0000000080000000, 0x0000000100000000)
  region size 1024K, 12 young (12288K), 12 survivors (12288K)
 Metaspace       used 128897K, committed 129920K, reserved 1179648K
  class space    used 17393K, committed 17920K, reserved 1048576K
}
Event: 18.270 GC heap before
{Heap before GC invocations=56 (full 0):
 garbage-first heap   total 342016K, used 284528K [0x0000000080000000, 0x0000000100000000)
  region size 1024K, 78 young (79872K), 12 survivors (12288K)
 Metaspace       used 129184K, committed 130240K, reserved 1179648K
  class space    used 17416K, committed 17920K, reserved 1048576K
}
Event: 18.279 GC heap after
{Heap after GC invocations=57 (full 0):
 garbage-first heap   total 342016K, used 222785K [0x0000000080000000, 0x0000000100000000)
  region size 1024K, 7 young (7168K), 7 survivors (7168K)
 Metaspace       used 129184K, committed 130240K, reserved 1179648K
  class space    used 17416K, committed 17920K, reserved 1048576K
}
Event: 18.735 GC heap before
{Heap before GC invocations=57 (full 0):
 garbage-first heap   total 342016K, used 287297K [0x0000000080000000, 0x0000000100000000)
  region size 1024K, 71 young (72704K), 7 survivors (7168K)
 Metaspace       used 131923K, committed 133056K, reserved 1179648K
  class space    used 17742K, committed 18304K, reserved 1048576K
}
Event: 18.741 GC heap after
{Heap after GC invocations=58 (full 0):
 garbage-first heap   total 342016K, used 227239K [0x0000000080000000, 0x0000000100000000)
  region size 1024K, 7 young (7168K), 7 survivors (7168K)
 Metaspace       used 131923K, committed 133056K, reserved 1179648K
  class space    used 17742K, committed 18304K, reserved 1048576K
}
Event: 18.850 GC heap before
{Heap before GC invocations=58 (full 0):
 garbage-first heap   total 342016K, used 287655K [0x0000000080000000, 0x0000000100000000)
  region size 1024K, 67 young (68608K), 7 survivors (7168K)
 Metaspace       used 132302K, committed 133376K, reserved 1179648K
  class space    used 17834K, committed 18368K, reserved 1048576K
}
Event: 18.856 GC heap after
{Heap after GC invocations=59 (full 0):
 garbage-first heap   total 342016K, used 231365K [0x0000000080000000, 0x0000000100000000)
  region size 1024K, 6 young (6144K), 6 survivors (6144K)
 Metaspace       used 132302K, committed 133376K, reserved 1179648K
  class space    used 17834K, committed 18368K, reserved 1048576K
}
Event: 18.919 GC heap before
{Heap before GC invocations=59 (full 0):
 garbage-first heap   total 342016K, used 288709K [0x0000000080000000, 0x0000000100000000)
  region size 1024K, 63 young (64512K), 6 survivors (6144K)
 Metaspace       used 132981K, committed 134016K, reserved 1179648K
  class space    used 17948K, committed 18496K, reserved 1048576K
}
Event: 18.925 GC heap after
{Heap after GC invocations=60 (full 0):
 garbage-first heap   total 342016K, used 241190K [0x0000000080000000, 0x0000000100000000)
  region size 1024K, 8 young (8192K), 8 survivors (8192K)
 Metaspace       used 132981K, committed 134016K, reserved 1179648K
  class space    used 17948K, committed 18496K, reserved 1048576K
}
Event: 18.958 GC heap before
{Heap before GC invocations=60 (full 0):
 garbage-first heap   total 342016K, used 288294K [0x0000000080000000, 0x0000000100000000)
  region size 1024K, 55 young (56320K), 8 survivors (8192K)
 Metaspace       used 133207K, committed 134208K, reserved 1179648K
  class space    used 17979K, committed 18496K, reserved 1048576K
}

