# JRE version: OpenJDK Runtime Environment (17.0.9) (build 17.0.9+0--11185874)
# Java VM: OpenJDK 64-Bit Server VM (17.0.9+0--11185874, mixed mode, tiered, compressed oops, compressed class ptrs, g1 gc, windows-amd64)
GC Precious Log:
 CPUs: 16 total, 16 available
 Memory: 7581M
 Large Page Support: Disabled
 NUMA Support: Disabled
 Compressed Oops: Enabled (32-bit)
 Heap Region Size: 1M
 Heap Min Capacity: 8M
 Heap Initial Capacity: 120M
 Heap Max Capacity: 2G
 Pre-touch: Disabled
 Parallel Workers: 13
 Concurrent Workers: 3
 Concurrent Refinement Workers: 13
 Periodic GC: Disabled
Heap:
 garbage-first heap   total 244736K, used 118145K [0x0000000080000000, 0x0000000100000000)
  region size 1024K, 1 young (1024K), 1 survivors (1024K)
 Metaspace       used 106497K, committed 107264K, reserved 1179648K
  class space    used 14754K, committed 15104K, reserved 1048576K
GC Heap History (20 events):
Event: 6.090 GC heap after
{Heap after GC invocations=30 (full 0):
 garbage-first heap   total 209920K, used 84105K [0x0000000080000000, 0x0000000100000000)
  region size 1024K, 11 young (11264K), 11 survivors (11264K)
 Metaspace       used 82983K, committed 83648K, reserved 1179648K
  class space    used 11243K, committed 11584K, reserved 1048576K
}
Event: 6.556 GC heap before
{Heap before GC invocations=30 (full 0):
 garbage-first heap   total 209920K, used 162953K [0x0000000080000000, 0x0000000100000000)
  region size 1024K, 88 young (90112K), 11 survivors (11264K)
 Metaspace       used 88601K, committed 89216K, reserved 1179648K
  class space    used 12240K, committed 12544K, reserved 1048576K
}
Event: 6.563 GC heap after
{Heap after GC invocations=31 (full 0):
 garbage-first heap   total 209920K, used 87305K [0x0000000080000000, 0x0000000100000000)
  region size 1024K, 10 young (10240K), 10 survivors (10240K)
 Metaspace       used 88601K, committed 89216K, reserved 1179648K
  class space    used 12240K, committed 12544K, reserved 1048576K
}
Event: 7.126 GC heap before
{Heap before GC invocations=31 (full 0):
 garbage-first heap   total 209920K, used 166153K [0x0000000080000000, 0x0000000100000000)
  region size 1024K, 87 young (89088K), 10 survivors (10240K)
 Metaspace       used 94864K, committed 95552K, reserved 1179648K
  class space    used 13187K, committed 13504K, reserved 1048576K
}
Event: 7.131 GC heap after
{Heap after GC invocations=32 (full 0):
 garbage-first heap   total 209920K, used 91183K [0x0000000080000000, 0x0000000100000000)
  region size 1024K, 8 young (8192K), 8 survivors (8192K)
 Metaspace       used 94864K, committed 95552K, reserved 1179648K
  class space    used 13187K, committed 13504K, reserved 1048576K
}
Event: 7.717 GC heap before
{Heap before GC invocations=32 (full 0):
 garbage-first heap   total 209920K, used 169007K [0x0000000080000000, 0x0000000100000000)
  region size 1024K, 84 young (86016K), 8 survivors (8192K)
 Metaspace       used 100389K, committed 101184K, reserved 1179648K
  class space    used 13959K, committed 14336K, reserved 1048576K
}
Event: 7.725 GC heap after
{Heap after GC invocations=33 (full 0):
 garbage-first heap   total 209920K, used 97965K [0x0000000080000000, 0x0000000100000000)
  region size 1024K, 11 young (11264K), 11 survivors (11264K)
 Metaspace       used 100389K, committed 101184K, reserved 1179648K
  class space    used 13959K, committed 14336K, reserved 1048576K
}
Event: 7.952 GC heap before
{Heap before GC invocations=33 (full 0):
 garbage-first heap   total 209920K, used 169645K [0x0000000080000000, 0x0000000100000000)
  region size 1024K, 81 young (82944K), 11 survivors (11264K)
 Metaspace       used 101726K, committed 102464K, reserved 1179648K
  class space    used 14270K, committed 14656K, reserved 1048576K
}
Event: 7.962 GC heap after
{Heap after GC invocations=34 (full 0):
 garbage-first heap   total 209920K, used 105515K [0x0000000080000000, 0x0000000100000000)
  region size 1024K, 8 young (8192K), 8 survivors (8192K)
 Metaspace       used 101726K, committed 102464K, reserved 1179648K
  class space    used 14270K, committed 14656K, reserved 1048576K
}
Event: 8.178 GC heap before
{Heap before GC invocations=34 (full 0):
 garbage-first heap   total 209920K, used 170027K [0x0000000080000000, 0x0000000100000000)
  region size 1024K, 72 young (73728K), 8 survivors (8192K)
 Metaspace       used 102256K, committed 103040K, reserved 1179648K
  class space    used 14317K, committed 14720K, reserved 1048576K
}
Event: 8.184 GC heap after
{Heap after GC invocations=35 (full 0):
 garbage-first heap   total 209920K, used 109037K [0x0000000080000000, 0x0000000100000000)
  region size 1024K, 7 young (7168K), 7 survivors (7168K)
 Metaspace       used 102256K, committed 103040K, reserved 1179648K
  class space    used 14317K, committed 14720K, reserved 1048576K
}
Event: 8.341 GC heap before
{Heap before GC invocations=36 (full 0):
 garbage-first heap   total 209920K, used 169453K [0x0000000080000000, 0x0000000100000000)
  region size 1024K, 67 young (68608K), 7 survivors (7168K)
 Metaspace       used 102453K, committed 103232K, reserved 1179648K
  class space    used 14320K, committed 14720K, reserved 1048576K
}
Event: 8.347 GC heap after
{Heap after GC invocations=37 (full 0):
 garbage-first heap   total 209920K, used 112982K [0x0000000080000000, 0x0000000100000000)
  region size 1024K, 6 young (6144K), 6 survivors (6144K)
 Metaspace       used 102453K, committed 103232K, reserved 1179648K
  class space    used 14320K, committed 14720K, reserved 1048576K
}
Event: 8.353 GC heap before
{Heap before GC invocations=37 (full 0):
 garbage-first heap   total 209920K, used 116054K [0x0000000080000000, 0x0000000100000000)
  region size 1024K, 10 young (10240K), 6 survivors (6144K)
 Metaspace       used 102454K, committed 103232K, reserved 1179648K
  class space    used 14320K, committed 14720K, reserved 1048576K
}
Event: 8.357 GC heap after
{Heap after GC invocations=38 (full 0):
 garbage-first heap   total 209920K, used 111873K [0x0000000080000000, 0x0000000100000000)
  region size 1024K, 2 young (2048K), 2 survivors (2048K)
 Metaspace       used 102454K, committed 103232K, reserved 1179648K
  class space    used 14320K, committed 14720K, reserved 1048576K
}
Event: 8.779 GC heap before
{Heap before GC invocations=38 (full 0):
 garbage-first heap   total 209920K, used 175361K [0x0000000080000000, 0x0000000100000000)
  region size 1024K, 60 young (61440K), 2 survivors (2048K)
 Metaspace       used 106244K, committed 107072K, reserved 1179648K
  class space    used 14692K, committed 15104K, reserved 1048576K
}
Event: 8.783 GC heap after
{Heap after GC invocations=39 (full 0):
 garbage-first heap   total 209920K, used 115611K [0x0000000080000000, 0x0000000100000000)
  region size 1024K, 5 young (5120K), 5 survivors (5120K)
 Metaspace       used 106244K, committed 107072K, reserved 1179648K
  class space    used 14692K, committed 15104K, reserved 1048576K
}
Event: 8.934 GC heap before
{Heap before GC invocations=40 (full 0):
 garbage-first heap   total 244736K, used 171931K [0x0000000080000000, 0x0000000100000000)
  region size 1024K, 61 young (62464K), 5 survivors (5120K)
 Metaspace       used 106304K, committed 107136K, reserved 1179648K
  class space    used 14692K, committed 15104K, reserved 1048576K
}
Event: 8.939 GC heap after
{Heap after GC invocations=41 (full 0):
 garbage-first heap   total 244736K, used 119217K [0x0000000080000000, 0x0000000100000000)
  region size 1024K, 5 young (5120K), 5 survivors (5120K)
 Metaspace       used 106304K, committed 107136K, reserved 1179648K
  class space    used 14692K, committed 15104K, reserved 1048576K
}
Event: 8.971 GC heap before
{Heap before GC invocations=41 (full 0):
 garbage-first heap   total 244736K, used 125361K [0x0000000080000000, 0x0000000100000000)
  region size 1024K, 11 young (11264K), 5 survivors (5120K)
 Metaspace       used 106497K, committed 107264K, reserved 1179648K
  class space    used 14754K, committed 15104K, reserved 1048576K
}

