# JRE version: OpenJDK Runtime Environment (17.0.9) (build 17.0.9+0--11185874)
# Java VM: OpenJDK 64-Bit Server VM (17.0.9+0--11185874, mixed mode, tiered, compressed oops, compressed class ptrs, g1 gc, windows-amd64)
GC Precious Log:
 CPUs: 16 total, 16 available
 Memory: 7581M
 Large Page Support: Disabled
 NUMA Support: Disabled
 Compressed Oops: Enabled (32-bit)
 Heap Region Size: 1M
 Heap Min Capacity: 8M
 Heap Initial Capacity: 120M
 Heap Max Capacity: 2G
 Pre-touch: Disabled
 Parallel Workers: 13
 Concurrent Workers: 3
 Concurrent Refinement Workers: 13
 Periodic GC: Disabled
Heap:
 garbage-first heap   total 124928K, used 85769K [0x0000000080000000, 0x0000000100000000)
  region size 1024K, 4 young (4096K), 4 survivors (4096K)
 Metaspace       used 62821K, committed 63488K, reserved 1114112K
  class space    used 8516K, committed 8832K, reserved 1048576K
GC Heap History (20 events):
Event: 2.591 GC heap after
{Heap after GC invocations=13 (full 0):
 garbage-first heap   total 86016K, used 47646K [0x0000000080000000, 0x0000000100000000)
  region size 1024K, 3 young (3072K), 3 survivors (3072K)
 Metaspace       used 44096K, committed 44544K, reserved 1114112K
  class space    used 5877K, committed 6080K, reserved 1048576K
}
Event: 2.819 GC heap before
{Heap before GC invocations=14 (full 0):
 garbage-first heap   total 92160K, used 71198K [0x0000000080000000, 0x0000000100000000)
  region size 1024K, 22 young (22528K), 3 survivors (3072K)
 Metaspace       used 47242K, committed 47744K, reserved 1114112K
  class space    used 6243K, committed 6464K, reserved 1048576K
}
Event: 2.822 GC heap after
{Heap after GC invocations=15 (full 0):
 garbage-first heap   total 92160K, used 49089K [0x0000000080000000, 0x0000000100000000)
  region size 1024K, 2 young (2048K), 2 survivors (2048K)
 Metaspace       used 47242K, committed 47744K, reserved 1114112K
  class space    used 6243K, committed 6464K, reserved 1048576K
}
Event: 3.030 GC heap before
{Heap before GC invocations=15 (full 0):
 garbage-first heap   total 92160K, used 72641K [0x0000000080000000, 0x0000000100000000)
  region size 1024K, 25 young (25600K), 2 survivors (2048K)
 Metaspace       used 49253K, committed 49728K, reserved 1114112K
  class space    used 6556K, committed 6784K, reserved 1048576K
}
Event: 3.033 GC heap after
{Heap after GC invocations=16 (full 0):
 garbage-first heap   total 110592K, used 51233K [0x0000000080000000, 0x0000000100000000)
  region size 1024K, 4 young (4096K), 4 survivors (4096K)
 Metaspace       used 49253K, committed 49728K, reserved 1114112K
  class space    used 6556K, committed 6784K, reserved 1048576K
}
Event: 3.279 GC heap before
{Heap before GC invocations=17 (full 0):
 garbage-first heap   total 110592K, used 90794K [0x0000000080000000, 0x0000000100000000)
  region size 1024K, 39 young (39936K), 4 survivors (4096K)
 Metaspace       used 52141K, committed 52672K, reserved 1114112K
  class space    used 6848K, committed 7040K, reserved 1048576K
}
Event: 3.282 GC heap after
{Heap after GC invocations=18 (full 0):
 garbage-first heap   total 110592K, used 56477K [0x0000000080000000, 0x0000000100000000)
  region size 1024K, 5 young (5120K), 5 survivors (5120K)
 Metaspace       used 52141K, committed 52672K, reserved 1114112K
  class space    used 6848K, committed 7040K, reserved 1048576K
}
Event: 3.293 GC heap before
{Heap before GC invocations=18 (full 0):
 garbage-first heap   total 110592K, used 57501K [0x0000000080000000, 0x0000000100000000)
  region size 1024K, 6 young (6144K), 5 survivors (5120K)
 Metaspace       used 52233K, committed 52800K, reserved 1114112K
  class space    used 6863K, committed 7104K, reserved 1048576K
}
Event: 3.296 GC heap after
{Heap after GC invocations=19 (full 0):
 garbage-first heap   total 110592K, used 56565K [0x0000000080000000, 0x0000000100000000)
  region size 1024K, 1 young (1024K), 1 survivors (1024K)
 Metaspace       used 52233K, committed 52800K, reserved 1114112K
  class space    used 6863K, committed 7104K, reserved 1048576K
}
Event: 3.625 GC heap before
{Heap before GC invocations=19 (full 0):
 garbage-first heap   total 110592K, used 88309K [0x0000000080000000, 0x0000000100000000)
  region size 1024K, 33 young (33792K), 1 survivors (1024K)
 Metaspace       used 56433K, committed 56960K, reserved 1114112K
  class space    used 7561K, committed 7808K, reserved 1048576K
}
Event: 3.627 GC heap after
{Heap after GC invocations=20 (full 0):
 garbage-first heap   total 110592K, used 57927K [0x0000000080000000, 0x0000000100000000)
  region size 1024K, 3 young (3072K), 3 survivors (3072K)
 Metaspace       used 56433K, committed 56960K, reserved 1114112K
  class space    used 7561K, committed 7808K, reserved 1048576K
}
Event: 3.907 GC heap before
{Heap before GC invocations=21 (full 0):
 garbage-first heap   total 110592K, used 89671K [0x0000000080000000, 0x0000000100000000)
  region size 1024K, 34 young (34816K), 3 survivors (3072K)
 Metaspace       used 59403K, committed 60032K, reserved 1114112K
  class space    used 8077K, committed 8384K, reserved 1048576K
}
Event: 3.909 GC heap after
{Heap after GC invocations=22 (full 0):
 garbage-first heap   total 110592K, used 60119K [0x0000000080000000, 0x0000000100000000)
  region size 1024K, 5 young (5120K), 5 survivors (5120K)
 Metaspace       used 59403K, committed 60032K, reserved 1114112K
  class space    used 8077K, committed 8384K, reserved 1048576K
}
Event: 3.917 GC heap before
{Heap before GC invocations=22 (full 0):
 garbage-first heap   total 110592K, used 61143K [0x0000000080000000, 0x0000000100000000)
  region size 1024K, 6 young (6144K), 5 survivors (5120K)
 Metaspace       used 59499K, committed 60160K, reserved 1114112K
  class space    used 8086K, committed 8384K, reserved 1048576K
}
Event: 3.919 GC heap after
{Heap after GC invocations=23 (full 0):
 garbage-first heap   total 110592K, used 60174K [0x0000000080000000, 0x0000000100000000)
  region size 1024K, 1 young (1024K), 1 survivors (1024K)
 Metaspace       used 59499K, committed 60160K, reserved 1114112K
  class space    used 8086K, committed 8384K, reserved 1048576K
}
Event: 4.163 GC heap before
{Heap before GC invocations=23 (full 0):
 garbage-first heap   total 110592K, used 88846K [0x0000000080000000, 0x0000000100000000)
  region size 1024K, 30 young (30720K), 1 survivors (1024K)
 Metaspace       used 61410K, committed 62080K, reserved 1114112K
  class space    used 8336K, committed 8640K, reserved 1048576K
}
Event: 4.166 GC heap after
{Heap after GC invocations=24 (full 0):
 garbage-first heap   total 110592K, used 63154K [0x0000000080000000, 0x0000000100000000)
  region size 1024K, 4 young (4096K), 4 survivors (4096K)
 Metaspace       used 61410K, committed 62080K, reserved 1114112K
  class space    used 8336K, committed 8640K, reserved 1048576K
}
Event: 4.245 GC heap before
{Heap before GC invocations=25 (full 0):
 garbage-first heap   total 112640K, used 74418K [0x0000000080000000, 0x0000000100000000)
  region size 1024K, 17 young (17408K), 4 survivors (4096K)
 Metaspace       used 61661K, committed 62336K, reserved 1114112K
  class space    used 8357K, committed 8640K, reserved 1048576K
}
Event: 4.248 GC heap after
{Heap after GC invocations=26 (full 0):
 garbage-first heap   total 112640K, used 65276K [0x0000000080000000, 0x0000000100000000)
  region size 1024K, 3 young (3072K), 3 survivors (3072K)
 Metaspace       used 61661K, committed 62336K, reserved 1114112K
  class space    used 8357K, committed 8640K, reserved 1048576K
}
Event: 4.380 GC heap before
{Heap before GC invocations=27 (full 0):
 garbage-first heap   total 124928K, used 103164K [0x0000000080000000, 0x0000000100000000)
  region size 1024K, 28 young (28672K), 3 survivors (3072K)
 Metaspace       used 62821K, committed 63488K, reserved 1114112K
  class space    used 8516K, committed 8832K, reserved 1048576K
}

