# JRE version: OpenJDK Runtime Environment (17.0.9) (build 17.0.9+0--11185874)
# Java VM: OpenJDK 64-Bit Server VM (17.0.9+0--11185874, mixed mode, tiered, compressed oops, compressed class ptrs, g1 gc, windows-amd64)
GC Precious Log:
 CPUs: 16 total, 16 available
 Memory: 7581M
 Large Page Support: Disabled
 NUMA Support: Disabled
 Compressed Oops: Enabled (32-bit)
 Heap Region Size: 1M
 Heap Min Capacity: 8M
 Heap Initial Capacity: 120M
 Heap Max Capacity: 2G
 Pre-touch: Disabled
 Parallel Workers: 13
 Concurrent Workers: 3
 Concurrent Refinement Workers: 13
 Periodic GC: Disabled
Heap:
 garbage-first heap   total 148480K, used 86973K [0x0000000080000000, 0x0000000100000000)
  region size 1024K, 1 young (1024K), 1 survivors (1024K)
 Metaspace       used 65523K, committed 66240K, reserved 1114112K
  class space    used 8883K, committed 9216K, reserved 1048576K
GC Heap History (20 events):
Event: 3.315 GC heap after
{Heap after GC invocations=18 (full 0):
 garbage-first heap   total 110592K, used 55584K [0x0000000080000000, 0x0000000100000000)
  region size 1024K, 3 young (3072K), 3 survivors (3072K)
 Metaspace       used 50387K, committed 50880K, reserved 1114112K
  class space    used 6682K, committed 6912K, reserved 1048576K
}
Event: 3.547 GC heap before
{Heap before GC invocations=19 (full 0):
 garbage-first heap   total 110592K, used 86304K [0x0000000080000000, 0x0000000100000000)
  region size 1024K, 31 young (31744K), 3 survivors (3072K)
 Metaspace       used 53192K, committed 53760K, reserved 1114112K
  class space    used 7047K, committed 7296K, reserved 1048576K
}
Event: 3.548 GC heap after
{Heap after GC invocations=20 (full 0):
 garbage-first heap   total 110592K, used 56279K [0x0000000080000000, 0x0000000100000000)
  region size 1024K, 2 young (2048K), 2 survivors (2048K)
 Metaspace       used 53192K, committed 53760K, reserved 1114112K
  class space    used 7047K, committed 7296K, reserved 1048576K
}
Event: 3.861 GC heap before
{Heap before GC invocations=20 (full 0):
 garbage-first heap   total 110592K, used 86999K [0x0000000080000000, 0x0000000100000000)
  region size 1024K, 32 young (32768K), 2 survivors (2048K)
 Metaspace       used 57055K, committed 57600K, reserved 1114112K
  class space    used 7672K, committed 7936K, reserved 1048576K
}
Event: 3.863 GC heap after
{Heap after GC invocations=21 (full 0):
 garbage-first heap   total 110592K, used 58070K [0x0000000080000000, 0x0000000100000000)
  region size 1024K, 4 young (4096K), 4 survivors (4096K)
 Metaspace       used 57055K, committed 57600K, reserved 1114112K
  class space    used 7672K, committed 7936K, reserved 1048576K
}
Event: 4.196 GC heap before
{Heap before GC invocations=22 (full 0):
 garbage-first heap   total 110592K, used 87766K [0x0000000080000000, 0x0000000100000000)
  region size 1024K, 33 young (33792K), 4 survivors (4096K)
 Metaspace       used 59868K, committed 60544K, reserved 1114112K
  class space    used 8146K, committed 8448K, reserved 1048576K
}
Event: 4.199 GC heap after
{Heap after GC invocations=23 (full 0):
 garbage-first heap   total 110592K, used 59993K [0x0000000080000000, 0x0000000100000000)
  region size 1024K, 4 young (4096K), 4 survivors (4096K)
 Metaspace       used 59868K, committed 60544K, reserved 1114112K
  class space    used 8146K, committed 8448K, reserved 1048576K
}
Event: 4.479 GC heap before
{Heap before GC invocations=23 (full 0):
 garbage-first heap   total 110592K, used 87641K [0x0000000080000000, 0x0000000100000000)
  region size 1024K, 32 young (32768K), 4 survivors (4096K)
 Metaspace       used 61429K, committed 62080K, reserved 1114112K
  class space    used 8331K, committed 8640K, reserved 1048576K
}
Event: 4.483 GC heap after
{Heap after GC invocations=24 (full 0):
 garbage-first heap   total 110592K, used 64229K [0x0000000080000000, 0x0000000100000000)
  region size 1024K, 4 young (4096K), 4 survivors (4096K)
 Metaspace       used 61429K, committed 62080K, reserved 1114112K
  class space    used 8331K, committed 8640K, reserved 1048576K
}
Event: 4.678 GC heap before
{Heap before GC invocations=25 (full 0):
 garbage-first heap   total 119808K, used 100069K [0x0000000080000000, 0x0000000100000000)
  region size 1024K, 28 young (28672K), 4 survivors (4096K)
 Metaspace       used 62252K, committed 62976K, reserved 1114112K
  class space    used 8456K, committed 8768K, reserved 1048576K
}
Event: 4.682 GC heap after
{Heap after GC invocations=26 (full 0):
 garbage-first heap   total 119808K, used 82683K [0x0000000080000000, 0x0000000100000000)
  region size 1024K, 4 young (4096K), 4 survivors (4096K)
 Metaspace       used 62252K, committed 62976K, reserved 1114112K
  class space    used 8456K, committed 8768K, reserved 1048576K
}
Event: 4.684 GC heap before
{Heap before GC invocations=26 (full 0):
 garbage-first heap   total 119808K, used 82683K [0x0000000080000000, 0x0000000100000000)
  region size 1024K, 5 young (5120K), 4 survivors (4096K)
 Metaspace       used 62252K, committed 62976K, reserved 1114112K
  class space    used 8456K, committed 8768K, reserved 1048576K
}
Event: 4.687 GC heap after
{Heap after GC invocations=27 (full 0):
 garbage-first heap   total 119808K, used 83626K [0x0000000080000000, 0x0000000100000000)
  region size 1024K, 1 young (1024K), 1 survivors (1024K)
 Metaspace       used 62252K, committed 62976K, reserved 1114112K
  class space    used 8456K, committed 8768K, reserved 1048576K
}
Event: 4.687 GC heap before
{Heap before GC invocations=27 (full 0):
 garbage-first heap   total 119808K, used 83626K [0x0000000080000000, 0x0000000100000000)
  region size 1024K, 2 young (2048K), 1 survivors (1024K)
 Metaspace       used 62252K, committed 62976K, reserved 1114112K
  class space    used 8456K, committed 8768K, reserved 1048576K
}
Event: 4.688 GC heap after
{Heap after GC invocations=28 (full 0):
 garbage-first heap   total 119808K, used 83748K [0x0000000080000000, 0x0000000100000000)
  region size 1024K, 2 young (2048K), 2 survivors (2048K)
 Metaspace       used 62252K, committed 62976K, reserved 1114112K
  class space    used 8456K, committed 8768K, reserved 1048576K
}
Event: 4.787 GC heap before
{Heap before GC invocations=29 (full 0):
 garbage-first heap   total 148480K, used 98084K [0x0000000080000000, 0x0000000100000000)
  region size 1024K, 15 young (15360K), 2 survivors (2048K)
 Metaspace       used 62970K, committed 63680K, reserved 1114112K
  class space    used 8534K, committed 8832K, reserved 1048576K
}
Event: 4.788 GC heap after
{Heap after GC invocations=30 (full 0):
 garbage-first heap   total 148480K, used 86509K [0x0000000080000000, 0x0000000100000000)
  region size 1024K, 2 young (2048K), 2 survivors (2048K)
 Metaspace       used 62970K, committed 63680K, reserved 1114112K
  class space    used 8534K, committed 8832K, reserved 1048576K
}
Event: 4.822 GC heap before
{Heap before GC invocations=30 (full 0):
 garbage-first heap   total 148480K, used 90605K [0x0000000080000000, 0x0000000100000000)
  region size 1024K, 7 young (7168K), 2 survivors (2048K)
 Metaspace       used 63383K, committed 64064K, reserved 1114112K
  class space    used 8585K, committed 8896K, reserved 1048576K
}
Event: 4.823 GC heap after
{Heap after GC invocations=31 (full 0):
 garbage-first heap   total 148480K, used 86279K [0x0000000080000000, 0x0000000100000000)
  region size 1024K, 1 young (1024K), 1 survivors (1024K)
 Metaspace       used 63383K, committed 64064K, reserved 1114112K
  class space    used 8585K, committed 8896K, reserved 1048576K
}
Event: 4.998 GC heap before
{Heap before GC invocations=31 (full 0):
 garbage-first heap   total 148480K, used 110855K [0x0000000080000000, 0x0000000100000000)
  region size 1024K, 26 young (26624K), 1 survivors (1024K)
 Metaspace       used 65523K, committed 66240K, reserved 1114112K
  class space    used 8883K, committed 9216K, reserved 1048576K
}

