# JRE version: OpenJDK Runtime Environment (17.0.9) (build 17.0.9+0--11185874)
# Java VM: OpenJDK 64-Bit Server VM (17.0.9+0--11185874, mixed mode, tiered, compressed oops, compressed class ptrs, g1 gc, windows-amd64)
GC Precious Log:
 CPUs: 16 total, 16 available
 Memory: 7581M
 Large Page Support: Disabled
 NUMA Support: Disabled
 Compressed Oops: Enabled (32-bit)
 Heap Region Size: 1M
 Heap Min Capacity: 8M
 Heap Initial Capacity: 120M
 Heap Max Capacity: 2G
 Pre-touch: Disabled
 Parallel Workers: 13
 Concurrent Workers: 3
 Concurrent Refinement Workers: 13
 Periodic GC: Disabled
Heap:
 garbage-first heap   total 129024K, used 67393K [0x0000000080000000, 0x0000000100000000)
  region size 1024K, 6 young (6144K), 5 survivors (5120K)
 Metaspace       used 61657K, committed 62400K, reserved 1114112K
  class space    used 8358K, committed 8704K, reserved 1048576K
GC Heap History (20 events):
Event: 2.387 GC heap before
{Heap before GC invocations=9 (full 0):
 garbage-first heap   total 86016K, used 67194K [0x0000000080000000, 0x0000000100000000)
  region size 1024K, 27 young (27648K), 1 survivors (1024K)
 Metaspace       used 40905K, committed 41280K, reserved 1114112K
  class space    used 5535K, committed 5696K, reserved 1048576K
}
Event: 2.389 GC heap after
{Heap after GC invocations=10 (full 0):
 garbage-first heap   total 86016K, used 42257K [0x0000000080000000, 0x0000000100000000)
  region size 1024K, 3 young (3072K), 3 survivors (3072K)
 Metaspace       used 40905K, committed 41280K, reserved 1114112K
  class space    used 5535K, committed 5696K, reserved 1048576K
}
Event: 2.528 GC heap before
{Heap before GC invocations=10 (full 0):
 garbage-first heap   total 86016K, used 66833K [0x0000000080000000, 0x0000000100000000)
  region size 1024K, 28 young (28672K), 3 survivors (3072K)
 Metaspace       used 43646K, committed 44032K, reserved 1114112K
  class space    used 5832K, committed 6016K, reserved 1048576K
}
Event: 2.530 GC heap after
{Heap after GC invocations=11 (full 0):
 garbage-first heap   total 86016K, used 45751K [0x0000000080000000, 0x0000000100000000)
  region size 1024K, 4 young (4096K), 4 survivors (4096K)
 Metaspace       used 43646K, committed 44032K, reserved 1114112K
  class space    used 5832K, committed 6016K, reserved 1048576K
}
Event: 2.599 GC heap before
{Heap before GC invocations=12 (full 0):
 garbage-first heap   total 86016K, used 53943K [0x0000000080000000, 0x0000000100000000)
  region size 1024K, 14 young (14336K), 4 survivors (4096K)
 Metaspace       used 44087K, committed 44480K, reserved 1114112K
  class space    used 5880K, committed 6080K, reserved 1048576K
}
Event: 2.601 GC heap after
{Heap after GC invocations=13 (full 0):
 garbage-first heap   total 86016K, used 45975K [0x0000000080000000, 0x0000000100000000)
  region size 1024K, 2 young (2048K), 2 survivors (2048K)
 Metaspace       used 44087K, committed 44480K, reserved 1114112K
  class space    used 5880K, committed 6080K, reserved 1048576K
}
Event: 2.848 GC heap before
{Heap before GC invocations=14 (full 0):
 garbage-first heap   total 89088K, used 72599K [0x0000000080000000, 0x0000000100000000)
  region size 1024K, 24 young (24576K), 2 survivors (2048K)
 Metaspace       used 47552K, committed 48064K, reserved 1114112K
  class space    used 6298K, committed 6528K, reserved 1048576K
}
Event: 2.851 GC heap after
{Heap after GC invocations=15 (full 0):
 garbage-first heap   total 89088K, used 47293K [0x0000000080000000, 0x0000000100000000)
  region size 1024K, 2 young (2048K), 2 survivors (2048K)
 Metaspace       used 47552K, committed 48064K, reserved 1114112K
  class space    used 6298K, committed 6528K, reserved 1048576K
}
Event: 3.048 GC heap before
{Heap before GC invocations=15 (full 0):
 garbage-first heap   total 89088K, used 69821K [0x0000000080000000, 0x0000000100000000)
  region size 1024K, 25 young (25600K), 2 survivors (2048K)
 Metaspace       used 49344K, committed 49856K, reserved 1114112K
  class space    used 6566K, committed 6784K, reserved 1048576K
}
Event: 3.051 GC heap after
{Heap after GC invocations=16 (full 0):
 garbage-first heap   total 107520K, used 49785K [0x0000000080000000, 0x0000000100000000)
  region size 1024K, 4 young (4096K), 4 survivors (4096K)
 Metaspace       used 49344K, committed 49856K, reserved 1114112K
  class space    used 6566K, committed 6784K, reserved 1048576K
}
Event: 3.166 GC heap before
{Heap before GC invocations=16 (full 0):
 garbage-first heap   total 107520K, used 66169K [0x0000000080000000, 0x0000000100000000)
  region size 1024K, 19 young (19456K), 4 survivors (4096K)
 Metaspace       used 50418K, committed 50880K, reserved 1114112K
  class space    used 6683K, committed 6912K, reserved 1048576K
}
Event: 3.170 GC heap after
{Heap after GC invocations=17 (full 0):
 garbage-first heap   total 107520K, used 55264K [0x0000000080000000, 0x0000000100000000)
  region size 1024K, 5 young (5120K), 5 survivors (5120K)
 Metaspace       used 50418K, committed 50880K, reserved 1114112K
  class space    used 6683K, committed 6912K, reserved 1048576K
}
Event: 3.400 GC heap before
{Heap before GC invocations=18 (full 0):
 garbage-first heap   total 107520K, used 84960K [0x0000000080000000, 0x0000000100000000)
  region size 1024K, 32 young (32768K), 5 survivors (5120K)
 Metaspace       used 53075K, committed 53632K, reserved 1114112K
  class space    used 7029K, committed 7296K, reserved 1048576K
}
Event: 3.403 GC heap after
{Heap after GC invocations=19 (full 0):
 garbage-first heap   total 107520K, used 56067K [0x0000000080000000, 0x0000000100000000)
  region size 1024K, 2 young (2048K), 2 survivors (2048K)
 Metaspace       used 53075K, committed 53632K, reserved 1114112K
  class space    used 7029K, committed 7296K, reserved 1048576K
}
Event: 3.679 GC heap before
{Heap before GC invocations=19 (full 0):
 garbage-first heap   total 107520K, used 84739K [0x0000000080000000, 0x0000000100000000)
  region size 1024K, 30 young (30720K), 2 survivors (2048K)
 Metaspace       used 56728K, committed 57344K, reserved 1114112K
  class space    used 7620K, committed 7936K, reserved 1048576K
}
Event: 3.681 GC heap after
{Heap after GC invocations=20 (full 0):
 garbage-first heap   total 107520K, used 57554K [0x0000000080000000, 0x0000000100000000)
  region size 1024K, 3 young (3072K), 3 survivors (3072K)
 Metaspace       used 56728K, committed 57344K, reserved 1114112K
  class space    used 7620K, committed 7936K, reserved 1048576K
}
Event: 3.910 GC heap before
{Heap before GC invocations=21 (full 0):
 garbage-first heap   total 107520K, used 86226K [0x0000000080000000, 0x0000000100000000)
  region size 1024K, 31 young (31744K), 3 survivors (3072K)
 Metaspace       used 59400K, committed 60032K, reserved 1114112K
  class space    used 8083K, committed 8384K, reserved 1048576K
}
Event: 3.912 GC heap after
{Heap after GC invocations=22 (full 0):
 garbage-first heap   total 107520K, used 59530K [0x0000000080000000, 0x0000000100000000)
  region size 1024K, 4 young (4096K), 4 survivors (4096K)
 Metaspace       used 59400K, committed 60032K, reserved 1114112K
  class space    used 8083K, committed 8384K, reserved 1048576K
}
Event: 4.155 GC heap before
{Heap before GC invocations=22 (full 0):
 garbage-first heap   total 107520K, used 86154K [0x0000000080000000, 0x0000000100000000)
  region size 1024K, 31 young (31744K), 4 survivors (4096K)
 Metaspace       used 61362K, committed 62016K, reserved 1114112K
  class space    used 8335K, committed 8640K, reserved 1048576K
}
Event: 4.158 GC heap after
{Heap after GC invocations=23 (full 0):
 garbage-first heap   total 129024K, used 62675K [0x0000000080000000, 0x0000000100000000)
  region size 1024K, 4 young (4096K), 4 survivors (4096K)
 Metaspace       used 61362K, committed 62016K, reserved 1114112K
  class space    used 8335K, committed 8640K, reserved 1048576K
}

