# JRE version: OpenJDK Runtime Environment (17.0.9) (build 17.0.9+0--11185874)
# Java VM: OpenJDK 64-Bit Server VM (17.0.9+0--11185874, mixed mode, tiered, compressed oops, compressed class ptrs, g1 gc, windows-amd64)
GC Precious Log:
 CPUs: 16 total, 16 available
 Memory: 7581M
 Large Page Support: Disabled
 NUMA Support: Disabled
 Compressed Oops: Enabled (32-bit)
 Heap Region Size: 1M
 Heap Min Capacity: 8M
 Heap Initial Capacity: 120M
 Heap Max Capacity: 2G
 Pre-touch: Disabled
 Parallel Workers: 13
 Concurrent Workers: 3
 Concurrent Refinement Workers: 13
 Periodic GC: Disabled
Heap:
 garbage-first heap   total 317440K, used 193047K [0x0000000080000000, 0x0000000100000000)
  region size 1024K, 11 young (11264K), 11 survivors (11264K)
 Metaspace       used 115808K, committed 116608K, reserved 1179648K
  class space    used 16360K, committed 16768K, reserved 1048576K
GC Heap History (20 events):
Event: 6.934 GC heap after
{Heap after GC invocations=37 (full 0):
 garbage-first heap   total 205824K, used 89072K [0x0000000080000000, 0x0000000100000000)
  region size 1024K, 7 young (7168K), 7 survivors (7168K)
 Metaspace       used 92905K, committed 93632K, reserved 1179648K
  class space    used 12866K, committed 13184K, reserved 1048576K
}
Event: 7.447 GC heap before
{Heap before GC invocations=37 (full 0):
 garbage-first heap   total 205824K, used 164848K [0x0000000080000000, 0x0000000100000000)
  region size 1024K, 81 young (82944K), 7 survivors (7168K)
 Metaspace       used 98659K, committed 99392K, reserved 1179648K
  class space    used 13672K, committed 14016K, reserved 1048576K
}
Event: 7.454 GC heap after
{Heap after GC invocations=38 (full 0):
 garbage-first heap   total 205824K, used 93916K [0x0000000080000000, 0x0000000100000000)
  region size 1024K, 9 young (9216K), 9 survivors (9216K)
 Metaspace       used 98659K, committed 99392K, reserved 1179648K
  class space    used 13672K, committed 14016K, reserved 1048576K
}
Event: 7.922 GC heap before
{Heap before GC invocations=38 (full 0):
 garbage-first heap   total 205824K, used 165596K [0x0000000080000000, 0x0000000100000000)
  region size 1024K, 80 young (81920K), 9 survivors (9216K)
 Metaspace       used 101692K, committed 102464K, reserved 1179648K
  class space    used 14277K, committed 14656K, reserved 1048576K
}
Event: 7.932 GC heap after
{Heap after GC invocations=39 (full 0):
 garbage-first heap   total 205824K, used 102430K [0x0000000080000000, 0x0000000100000000)
  region size 1024K, 10 young (10240K), 10 survivors (10240K)
 Metaspace       used 101692K, committed 102464K, reserved 1179648K
  class space    used 14277K, committed 14656K, reserved 1048576K
}
Event: 8.040 GC heap before
{Heap before GC invocations=39 (full 0):
 garbage-first heap   total 205824K, used 163870K [0x0000000080000000, 0x0000000100000000)
  region size 1024K, 71 young (72704K), 10 survivors (10240K)
 Metaspace       used 101885K, committed 102656K, reserved 1179648K
  class space    used 14279K, committed 14656K, reserved 1048576K
}
Event: 8.046 GC heap after
{Heap after GC invocations=40 (full 0):
 garbage-first heap   total 205824K, used 105697K [0x0000000080000000, 0x0000000100000000)
  region size 1024K, 5 young (5120K), 5 survivors (5120K)
 Metaspace       used 101885K, committed 102656K, reserved 1179648K
  class space    used 14279K, committed 14656K, reserved 1048576K
}
Event: 8.218 GC heap before
{Heap before GC invocations=40 (full 0):
 garbage-first heap   total 205824K, used 165089K [0x0000000080000000, 0x0000000100000000)
  region size 1024K, 64 young (65536K), 5 survivors (5120K)
 Metaspace       used 102385K, committed 103168K, reserved 1179648K
  class space    used 14324K, committed 14720K, reserved 1048576K
}
Event: 8.223 GC heap after
{Heap after GC invocations=41 (full 0):
 garbage-first heap   total 205824K, used 109911K [0x0000000080000000, 0x0000000100000000)
  region size 1024K, 6 young (6144K), 6 survivors (6144K)
 Metaspace       used 102385K, committed 103168K, reserved 1179648K
  class space    used 14324K, committed 14720K, reserved 1048576K
}
Event: 8.425 GC heap before
{Heap before GC invocations=41 (full 0):
 garbage-first heap   total 205824K, used 171351K [0x0000000080000000, 0x0000000100000000)
  region size 1024K, 62 young (63488K), 6 survivors (6144K)
 Metaspace       used 104498K, committed 105216K, reserved 1179648K
  class space    used 14474K, committed 14848K, reserved 1048576K
}
Event: 8.430 GC heap after
{Heap after GC invocations=42 (full 0):
 garbage-first heap   total 317440K, used 113166K [0x0000000080000000, 0x0000000100000000)
  region size 1024K, 6 young (6144K), 6 survivors (6144K)
 Metaspace       used 104498K, committed 105216K, reserved 1179648K
  class space    used 14474K, committed 14848K, reserved 1048576K
}
Event: 8.875 GC heap before
{Heap before GC invocations=42 (full 0):
 garbage-first heap   total 317440K, used 250382K [0x0000000080000000, 0x0000000100000000)
  region size 1024K, 141 young (144384K), 6 survivors (6144K)
 Metaspace       used 107354K, committed 108160K, reserved 1179648K
  class space    used 14885K, committed 15296K, reserved 1048576K
}
Event: 8.884 GC heap after
{Heap after GC invocations=43 (full 0):
 garbage-first heap   total 317440K, used 125539K [0x0000000080000000, 0x0000000100000000)
  region size 1024K, 18 young (18432K), 18 survivors (18432K)
 Metaspace       used 107354K, committed 108160K, reserved 1179648K
  class space    used 14885K, committed 15296K, reserved 1048576K
}
Event: 9.157 GC heap before
{Heap before GC invocations=43 (full 0):
 garbage-first heap   total 317440K, used 243299K [0x0000000080000000, 0x0000000100000000)
  region size 1024K, 134 young (137216K), 18 survivors (18432K)
 Metaspace       used 111509K, committed 112320K, reserved 1179648K
  class space    used 15627K, committed 16000K, reserved 1048576K
}
Event: 9.169 GC heap after
{Heap after GC invocations=44 (full 0):
 garbage-first heap   total 317440K, used 142171K [0x0000000080000000, 0x0000000100000000)
  region size 1024K, 17 young (17408K), 17 survivors (17408K)
 Metaspace       used 111509K, committed 112320K, reserved 1179648K
  class space    used 15627K, committed 16000K, reserved 1048576K
}
Event: 9.316 GC heap before
{Heap before GC invocations=44 (full 0):
 garbage-first heap   total 317440K, used 248667K [0x0000000080000000, 0x0000000100000000)
  region size 1024K, 122 young (124928K), 17 survivors (17408K)
 Metaspace       used 113412K, committed 114176K, reserved 1179648K
  class space    used 15915K, committed 16320K, reserved 1048576K
}
Event: 9.334 GC heap after
{Heap after GC invocations=45 (full 0):
 garbage-first heap   total 317440K, used 162685K [0x0000000080000000, 0x0000000100000000)
  region size 1024K, 16 young (16384K), 16 survivors (16384K)
 Metaspace       used 113412K, committed 114176K, reserved 1179648K
  class space    used 15915K, committed 16320K, reserved 1048576K
}
Event: 9.445 GC heap before
{Heap before GC invocations=45 (full 0):
 garbage-first heap   total 317440K, used 250749K [0x0000000080000000, 0x0000000100000000)
  region size 1024K, 102 young (104448K), 16 survivors (16384K)
 Metaspace       used 115492K, committed 116288K, reserved 1179648K
  class space    used 16332K, committed 16704K, reserved 1048576K
}
Event: 9.464 GC heap after
{Heap after GC invocations=46 (full 0):
 garbage-first heap   total 317440K, used 178703K [0x0000000080000000, 0x0000000100000000)
  region size 1024K, 13 young (13312K), 13 survivors (13312K)
 Metaspace       used 115492K, committed 116288K, reserved 1179648K
  class space    used 16332K, committed 16704K, reserved 1048576K
}
Event: 9.504 GC heap before
{Heap before GC invocations=46 (full 0):
 garbage-first heap   total 317440K, used 253455K [0x0000000080000000, 0x0000000100000000)
  region size 1024K, 87 young (89088K), 13 survivors (13312K)
 Metaspace       used 115808K, committed 116608K, reserved 1179648K
  class space    used 16360K, committed 16768K, reserved 1048576K
}

