# JRE version: OpenJDK Runtime Environment (17.0.9) (build 17.0.9+0--11185874)
# Java VM: OpenJDK 64-Bit Server VM (17.0.9+0--11185874, mixed mode, tiered, compressed oops, compressed class ptrs, g1 gc, windows-amd64)
GC Precious Log:
 CPUs: 16 total, 16 available
 Memory: 7581M
 Large Page Support: Disabled
 NUMA Support: Disabled
 Compressed Oops: Enabled (32-bit)
 Heap Region Size: 1M
 Heap Min Capacity: 8M
 Heap Initial Capacity: 120M
 Heap Max Capacity: 2G
 Pre-touch: Disabled
 Parallel Workers: 13
 Concurrent Workers: 3
 Concurrent Refinement Workers: 13
 Periodic GC: Disabled
Heap:
 garbage-first heap   total 292864K, used 184976K [0x0000000080000000, 0x0000000100000000)
  region size 1024K, 70 young (71680K), 17 survivors (17408K)
 Metaspace       used 108501K, committed 109248K, reserved 1179648K
  class space    used 15054K, committed 15424K, reserved 1048576K
GC Heap History (20 events):
Event: 5.223 GC heap before
{Heap before GC invocations=35 (full 0):
 garbage-first heap   total 146432K, used 115731K [0x0000000080000000, 0x0000000100000000)
  region size 1024K, 42 young (43008K), 3 survivors (3072K)
 Metaspace       used 76706K, committed 77312K, reserved 1179648K
  class space    used 10394K, committed 10688K, reserved 1048576K
}
Event: 5.225 GC heap after
{Heap after GC invocations=36 (full 0):
 garbage-first heap   total 146432K, used 77673K [0x0000000080000000, 0x0000000100000000)
  region size 1024K, 5 young (5120K), 5 survivors (5120K)
 Metaspace       used 76706K, committed 77312K, reserved 1179648K
  class space    used 10394K, committed 10688K, reserved 1048576K
}
Event: 5.461 GC heap before
{Heap before GC invocations=36 (full 0):
 garbage-first heap   total 146432K, used 115561K [0x0000000080000000, 0x0000000100000000)
  region size 1024K, 42 young (43008K), 5 survivors (5120K)
 Metaspace       used 79356K, committed 80000K, reserved 1179648K
  class space    used 10765K, committed 11072K, reserved 1048576K
}
Event: 5.465 GC heap after
{Heap after GC invocations=37 (full 0):
 garbage-first heap   total 146432K, used 79975K [0x0000000080000000, 0x0000000100000000)
  region size 1024K, 5 young (5120K), 5 survivors (5120K)
 Metaspace       used 79356K, committed 80000K, reserved 1179648K
  class space    used 10765K, committed 11072K, reserved 1048576K
}
Event: 5.659 GC heap before
{Heap before GC invocations=38 (full 0):
 garbage-first heap   total 146432K, used 116839K [0x0000000080000000, 0x0000000100000000)
  region size 1024K, 41 young (41984K), 5 survivors (5120K)
 Metaspace       used 80421K, committed 81024K, reserved 1179648K
  class space    used 10888K, committed 11200K, reserved 1048576K
}
Event: 5.662 GC heap after
{Heap after GC invocations=39 (full 0):
 garbage-first heap   total 146432K, used 83877K [0x0000000080000000, 0x0000000100000000)
  region size 1024K, 6 young (6144K), 6 survivors (6144K)
 Metaspace       used 80421K, committed 81024K, reserved 1179648K
  class space    used 10888K, committed 11200K, reserved 1048576K
}
Event: 5.667 GC heap before
{Heap before GC invocations=39 (full 0):
 garbage-first heap   total 146432K, used 84901K [0x0000000080000000, 0x0000000100000000)
  region size 1024K, 7 young (7168K), 6 survivors (6144K)
 Metaspace       used 80501K, committed 81088K, reserved 1179648K
  class space    used 10900K, committed 11200K, reserved 1048576K
}
Event: 5.670 GC heap after
{Heap after GC invocations=40 (full 0):
 garbage-first heap   total 146432K, used 83999K [0x0000000080000000, 0x0000000100000000)
  region size 1024K, 1 young (1024K), 1 survivors (1024K)
 Metaspace       used 80501K, committed 81088K, reserved 1179648K
  class space    used 10900K, committed 11200K, reserved 1048576K
}
Event: 5.815 GC heap before
{Heap before GC invocations=40 (full 0):
 garbage-first heap   total 146432K, used 111647K [0x0000000080000000, 0x0000000100000000)
  region size 1024K, 29 young (29696K), 1 survivors (1024K)
 Metaspace       used 82391K, committed 83008K, reserved 1179648K
  class space    used 11179K, committed 11456K, reserved 1048576K
}
Event: 5.818 GC heap after
{Heap after GC invocations=41 (full 0):
 garbage-first heap   total 292864K, used 84386K [0x0000000080000000, 0x0000000100000000)
  region size 1024K, 2 young (2048K), 2 survivors (2048K)
 Metaspace       used 82391K, committed 83008K, reserved 1179648K
  class space    used 11179K, committed 11456K, reserved 1048576K
}
Event: 6.758 GC heap before
{Heap before GC invocations=41 (full 0):
 garbage-first heap   total 292864K, used 218530K [0x0000000080000000, 0x0000000100000000)
  region size 1024K, 132 young (135168K), 2 survivors (2048K)
 Metaspace       used 92131K, committed 92864K, reserved 1179648K
  class space    used 12754K, committed 13120K, reserved 1048576K
}
Event: 6.763 GC heap after
{Heap after GC invocations=42 (full 0):
 garbage-first heap   total 292864K, used 89951K [0x0000000080000000, 0x0000000100000000)
  region size 1024K, 7 young (7168K), 7 survivors (7168K)
 Metaspace       used 92131K, committed 92864K, reserved 1179648K
  class space    used 12754K, committed 13120K, reserved 1048576K
}
Event: 7.712 GC heap before
{Heap before GC invocations=42 (full 0):
 garbage-first heap   total 292864K, used 234335K [0x0000000080000000, 0x0000000100000000)
  region size 1024K, 148 young (151552K), 7 survivors (7168K)
 Metaspace       used 101567K, committed 102336K, reserved 1179648K
  class space    used 14267K, committed 14656K, reserved 1048576K
}
Event: 7.723 GC heap after
{Heap after GC invocations=43 (full 0):
 garbage-first heap   total 292864K, used 101968K [0x0000000080000000, 0x0000000100000000)
  region size 1024K, 19 young (19456K), 19 survivors (19456K)
 Metaspace       used 101567K, committed 102336K, reserved 1179648K
  class space    used 14267K, committed 14656K, reserved 1048576K
}
Event: 8.005 GC heap before
{Heap before GC invocations=43 (full 0):
 garbage-first heap   total 292864K, used 230992K [0x0000000080000000, 0x0000000100000000)
  region size 1024K, 146 young (149504K), 19 survivors (19456K)
 Metaspace       used 102244K, committed 102976K, reserved 1179648K
  class space    used 14313K, committed 14656K, reserved 1048576K
}
Event: 8.017 GC heap after
{Heap after GC invocations=44 (full 0):
 garbage-first heap   total 292864K, used 110311K [0x0000000080000000, 0x0000000100000000)
  region size 1024K, 10 young (10240K), 10 survivors (10240K)
 Metaspace       used 102244K, committed 102976K, reserved 1179648K
  class space    used 14313K, committed 14656K, reserved 1048576K
}
Event: 8.536 GC heap before
{Heap before GC invocations=44 (full 0):
 garbage-first heap   total 292864K, used 239335K [0x0000000080000000, 0x0000000100000000)
  region size 1024K, 132 young (135168K), 10 survivors (10240K)
 Metaspace       used 106335K, committed 107136K, reserved 1179648K
  class space    used 14689K, committed 15104K, reserved 1048576K
}
Event: 8.545 GC heap after
{Heap after GC invocations=45 (full 0):
 garbage-first heap   total 292864K, used 116687K [0x0000000080000000, 0x0000000100000000)
  region size 1024K, 16 young (16384K), 16 survivors (16384K)
 Metaspace       used 106335K, committed 107136K, reserved 1179648K
  class space    used 14689K, committed 15104K, reserved 1048576K
}
Event: 8.678 GC heap before
{Heap before GC invocations=45 (full 0):
 garbage-first heap   total 292864K, used 236495K [0x0000000080000000, 0x0000000100000000)
  region size 1024K, 134 young (137216K), 16 survivors (16384K)
 Metaspace       used 107412K, committed 108224K, reserved 1179648K
  class space    used 14901K, committed 15296K, reserved 1048576K
}
Event: 8.691 GC heap after
{Heap after GC invocations=46 (full 0):
 garbage-first heap   total 292864K, used 131728K [0x0000000080000000, 0x0000000100000000)
  region size 1024K, 17 young (17408K), 17 survivors (17408K)
 Metaspace       used 107412K, committed 108224K, reserved 1179648K
  class space    used 14901K, committed 15296K, reserved 1048576K
}

