# JRE version: OpenJDK Runtime Environment (17.0.9) (build 17.0.9+0--11185874)
# Java VM: OpenJDK 64-Bit Server VM (17.0.9+0--11185874, mixed mode, tiered, compressed oops, compressed class ptrs, g1 gc, windows-amd64)
GC Precious Log:
 CPUs: 16 total, 16 available
 Memory: 7581M
 Large Page Support: Disabled
 NUMA Support: Disabled
 Compressed Oops: Enabled (32-bit)
 Heap Region Size: 1M
 Heap Min Capacity: 8M
 Heap Initial Capacity: 120M
 Heap Max Capacity: 2G
 Pre-touch: Disabled
 Parallel Workers: 13
 Concurrent Workers: 3
 Concurrent Refinement Workers: 13
 Periodic GC: Disabled
Heap:
 garbage-first heap   total 285696K, used 155812K [0x0000000080000000, 0x0000000100000000)
  region size 1024K, 13 young (13312K), 13 survivors (13312K)
 Metaspace       used 111108K, committed 112000K, reserved 1179648K
  class space    used 15608K, committed 16064K, reserved 1048576K
GC Heap History (20 events):
Event: 7.872 GC heap after
{Heap after GC invocations=40 (full 0):
 garbage-first heap   total 175104K, used 90329K [0x0000000080000000, 0x0000000100000000)
  region size 1024K, 6 young (6144K), 6 survivors (6144K)
 Metaspace       used 95372K, committed 96128K, reserved 1179648K
  class space    used 13257K, committed 13632K, reserved 1048576K
}
Event: 7.907 GC heap before
{Heap before GC invocations=40 (full 0):
 garbage-first heap   total 175104K, used 92377K [0x0000000080000000, 0x0000000100000000)
  region size 1024K, 8 young (8192K), 6 survivors (6144K)
 Metaspace       used 96224K, committed 96960K, reserved 1179648K
  class space    used 13347K, committed 13696K, reserved 1048576K
}
Event: 7.911 GC heap after
{Heap after GC invocations=41 (full 0):
 garbage-first heap   total 175104K, used 90455K [0x0000000080000000, 0x0000000100000000)
  region size 1024K, 1 young (1024K), 1 survivors (1024K)
 Metaspace       used 96224K, committed 96960K, reserved 1179648K
  class space    used 13347K, committed 13696K, reserved 1048576K
}
Event: 8.325 GC heap before
{Heap before GC invocations=41 (full 0):
 garbage-first heap   total 175104K, used 145751K [0x0000000080000000, 0x0000000100000000)
  region size 1024K, 55 young (56320K), 1 survivors (1024K)
 Metaspace       used 99328K, committed 100032K, reserved 1179648K
  class space    used 13782K, committed 14144K, reserved 1048576K
}
Event: 8.329 GC heap after
{Heap after GC invocations=42 (full 0):
 garbage-first heap   total 175104K, used 94135K [0x0000000080000000, 0x0000000100000000)
  region size 1024K, 5 young (5120K), 5 survivors (5120K)
 Metaspace       used 99328K, committed 100032K, reserved 1179648K
  class space    used 13782K, committed 14144K, reserved 1048576K
}
Event: 8.652 GC heap before
{Heap before GC invocations=43 (full 0):
 garbage-first heap   total 175104K, used 144311K [0x0000000080000000, 0x0000000100000000)
  region size 1024K, 55 young (56320K), 5 survivors (5120K)
 Metaspace       used 101530K, committed 102272K, reserved 1179648K
  class space    used 14261K, committed 14656K, reserved 1048576K
}
Event: 8.658 GC heap after
{Heap after GC invocations=44 (full 0):
 garbage-first heap   total 175104K, used 101179K [0x0000000080000000, 0x0000000100000000)
  region size 1024K, 7 young (7168K), 7 survivors (7168K)
 Metaspace       used 101530K, committed 102272K, reserved 1179648K
  class space    used 14261K, committed 14656K, reserved 1048576K
}
Event: 8.662 GC heap before
{Heap before GC invocations=44 (full 0):
 garbage-first heap   total 175104K, used 102203K [0x0000000080000000, 0x0000000100000000)
  region size 1024K, 8 young (8192K), 7 survivors (7168K)
 Metaspace       used 101542K, committed 102336K, reserved 1179648K
  class space    used 14261K, committed 14656K, reserved 1048576K
}
Event: 8.667 GC heap after
{Heap after GC invocations=45 (full 0):
 garbage-first heap   total 285696K, used 101898K [0x0000000080000000, 0x0000000100000000)
  region size 1024K, 1 young (1024K), 1 survivors (1024K)
 Metaspace       used 101542K, committed 102336K, reserved 1179648K
  class space    used 14261K, committed 14656K, reserved 1048576K
}
Event: 9.014 GC heap before
{Heap before GC invocations=45 (full 0):
 garbage-first heap   total 285696K, used 231946K [0x0000000080000000, 0x0000000100000000)
  region size 1024K, 129 young (132096K), 1 survivors (1024K)
 Metaspace       used 102225K, committed 103040K, reserved 1179648K
  class space    used 14308K, committed 14656K, reserved 1048576K
}
Event: 9.020 GC heap after
{Heap after GC invocations=46 (full 0):
 garbage-first heap   total 285696K, used 109092K [0x0000000080000000, 0x0000000100000000)
  region size 1024K, 9 young (9216K), 9 survivors (9216K)
 Metaspace       used 102225K, committed 103040K, reserved 1179648K
  class space    used 14308K, committed 14656K, reserved 1048576K
}
Event: 9.262 GC heap before
{Heap before GC invocations=46 (full 0):
 garbage-first heap   total 285696K, used 205348K [0x0000000080000000, 0x0000000100000000)
  region size 1024K, 105 young (107520K), 9 survivors (9216K)
 Metaspace       used 102649K, committed 103424K, reserved 1179648K
  class space    used 14355K, committed 14720K, reserved 1048576K
}
Event: 9.270 GC heap after
{Heap after GC invocations=47 (full 0):
 garbage-first heap   total 285696K, used 114479K [0x0000000080000000, 0x0000000100000000)
  region size 1024K, 14 young (14336K), 14 survivors (14336K)
 Metaspace       used 102649K, committed 103424K, reserved 1179648K
  class space    used 14355K, committed 14720K, reserved 1048576K
}
Event: 9.612 GC heap before
{Heap before GC invocations=48 (full 0):
 garbage-first heap   total 285696K, used 235311K [0x0000000080000000, 0x0000000100000000)
  region size 1024K, 128 young (131072K), 14 survivors (14336K)
 Metaspace       used 105611K, committed 106368K, reserved 1179648K
  class space    used 14712K, committed 15104K, reserved 1048576K
}
Event: 9.624 GC heap after
{Heap after GC invocations=49 (full 0):
 garbage-first heap   total 285696K, used 124145K [0x0000000080000000, 0x0000000100000000)
  region size 1024K, 16 young (16384K), 16 survivors (16384K)
 Metaspace       used 105611K, committed 106368K, reserved 1179648K
  class space    used 14712K, committed 15104K, reserved 1048576K
}
Event: 9.625 GC heap before
{Heap before GC invocations=49 (full 0):
 garbage-first heap   total 285696K, used 124145K [0x0000000080000000, 0x0000000100000000)
  region size 1024K, 17 young (17408K), 16 survivors (16384K)
 Metaspace       used 105611K, committed 106368K, reserved 1179648K
  class space    used 14712K, committed 15104K, reserved 1048576K
}
Event: 9.632 GC heap after
{Heap after GC invocations=50 (full 0):
 garbage-first heap   total 285696K, used 125233K [0x0000000080000000, 0x0000000100000000)
  region size 1024K, 3 young (3072K), 3 survivors (3072K)
 Metaspace       used 105611K, committed 106368K, reserved 1179648K
  class space    used 14712K, committed 15104K, reserved 1048576K
}
Event: 9.851 GC heap before
{Heap before GC invocations=50 (full 0):
 garbage-first heap   total 285696K, used 227633K [0x0000000080000000, 0x0000000100000000)
  region size 1024K, 104 young (106496K), 3 survivors (3072K)
 Metaspace       used 107936K, committed 108736K, reserved 1179648K
  class space    used 15071K, committed 15424K, reserved 1048576K
}
Event: 9.857 GC heap after
{Heap after GC invocations=51 (full 0):
 garbage-first heap   total 285696K, used 140877K [0x0000000080000000, 0x0000000100000000)
  region size 1024K, 13 young (13312K), 13 survivors (13312K)
 Metaspace       used 107936K, committed 108736K, reserved 1179648K
  class space    used 15071K, committed 15424K, reserved 1048576K
}
Event: 10.074 GC heap before
{Heap before GC invocations=51 (full 0):
 garbage-first heap   total 285696K, used 226893K [0x0000000080000000, 0x0000000100000000)
  region size 1024K, 98 young (100352K), 13 survivors (13312K)
 Metaspace       used 111108K, committed 112000K, reserved 1179648K
  class space    used 15608K, committed 16064K, reserved 1048576K
}

